# JRE version: OpenJDK Runtime Environment (13.0.2+8) (build 13.0.2+8)
# Java VM: OpenJDK 64-Bit Server VM (13.0.2+8, mixed mode, sharing, tiered, compressed oops, g1 gc, bsd-amd64)
Heap:
 garbage-first heap   total 69632K, used 48850K [0x0000000780000000, 0x0000000800000000)
  region size 1024K, 17 young (17408K), 1 survivors (1024K)
 Metaspace       used 20548K, capacity 21429K, committed 21760K, reserved 1069056K
  class space    used 2174K, capacity 2494K, committed 2560K, reserved 1048576K
GC Heap History (20 events):
Event: 25.298 GC heap before
{Heap before GC invocations=52 (full 0):
 garbage-first heap   total 69632K, used 48528K [0x0000000780000000, 0x0000000800000000)
  region size 1024K, 40 young (40960K), 1 survivors (1024K)
 Metaspace       used 20446K, capacity 21253K, committed 21504K, reserved 1069056K
  class space    used 2168K, capacity 2486K, committed 2560K, reserved 1048576K
}
Event: 25.299 GC heap after
{Heap after GC invocations=53 (full 0):
 garbage-first heap   total 69632K, used 8600K [0x0000000780000000, 0x0000000800000000)
  region size 1024K, 1 young (1024K), 1 survivors (1024K)
 Metaspace       used 20446K, capacity 21253K, committed 21504K, reserved 1069056K
  class space    used 2168K, capacity 2486K, committed 2560K, reserved 1048576K
}
Event: 25.622 GC heap before
{Heap before GC invocations=53 (full 0):
 garbage-first heap   total 69632K, used 47512K [0x0000000780000000, 0x0000000800000000)
  region size 1024K, 40 young (40960K), 1 survivors (1024K)
 Metaspace       used 20492K, capacity 21323K, committed 21504K, reserved 1069056K
  class space    used 2169K, capacity 2487K, committed 2560K, reserved 1048576K
}
Event: 25.623 GC heap after
{Heap after GC invocations=54 (full 0):
 garbage-first heap   total 69632K, used 8569K [0x0000000780000000, 0x0000000800000000)
  region size 1024K, 1 young (1024K), 1 survivors (1024K)
 Metaspace       used 20492K, capacity 21323K, committed 21504K, reserved 1069056K
  class space    used 2169K, capacity 2487K, committed 2560K, reserved 1048576K
}
Event: 25.735 GC heap before
{Heap before GC invocations=54 (full 0):
 garbage-first heap   total 69632K, used 47481K [0x0000000780000000, 0x0000000800000000)
  region size 1024K, 40 young (40960K), 1 survivors (1024K)
 Metaspace       used 20492K, capacity 21323K, committed 21504K, reserved 1069056K
  class space    used 2169K, capacity 2487K, committed 2560K, reserved 1048576K
}
Event: 25.736 GC heap after
{Heap after GC invocations=55 (full 0):
 garbage-first heap   total 69632K, used 8585K [0x0000000780000000, 0x0000000800000000)
  region size 1024K, 1 young (1024K), 1 survivors (1024K)
 Metaspace       used 20492K, capacity 21323K, committed 21504K, reserved 1069056K
  class space    used 2169K, capacity 2487K, committed 2560K, reserved 1048576K
}
Event: 25.845 GC heap before
{Heap before GC invocations=55 (full 0):
 garbage-first heap   total 69632K, used 47497K [0x0000000780000000, 0x0000000800000000)
  region size 1024K, 40 young (40960K), 1 survivors (1024K)
 Metaspace       used 20492K, capacity 21323K, committed 21504K, reserved 1069056K
  class space    used 2169K, capacity 2487K, committed 2560K, reserved 1048576K
}
Event: 25.846 GC heap after
{Heap after GC invocations=56 (full 0):
 garbage-first heap   total 69632K, used 8590K [0x0000000780000000, 0x0000000800000000)
  region size 1024K, 1 young (1024K), 1 survivors (1024K)
 Metaspace       used 20492K, capacity 21323K, committed 21504K, reserved 1069056K
  class space    used 2169K, capacity 2487K, committed 2560K, reserved 1048576K
}
Event: 25.943 GC heap before
{Heap before GC invocations=56 (full 0):
 garbage-first heap   total 69632K, used 48526K [0x0000000780000000, 0x0000000800000000)
  region size 1024K, 40 young (40960K), 1 survivors (1024K)
 Metaspace       used 20492K, capacity 21323K, committed 21504K, reserved 1069056K
  class space    used 2169K, capacity 2487K, committed 2560K, reserved 1048576K
}
Event: 25.944 GC heap after
{Heap after GC invocations=57 (full 0):
 garbage-first heap   total 69632K, used 8585K [0x0000000780000000, 0x0000000800000000)
  region size 1024K, 1 young (1024K), 1 survivors (1024K)
 Metaspace       used 20492K, capacity 21323K, committed 21504K, reserved 1069056K
  class space    used 2169K, capacity 2487K, committed 2560K, reserved 1048576K
}
Event: 26.078 GC heap before
{Heap before GC invocations=57 (full 0):
 garbage-first heap   total 69632K, used 47497K [0x0000000780000000, 0x0000000800000000)
  region size 1024K, 40 young (40960K), 1 survivors (1024K)
 Metaspace       used 20497K, capacity 21323K, committed 21504K, reserved 1069056K
  class space    used 2169K, capacity 2487K, committed 2560K, reserved 1048576K
}
Event: 26.078 GC heap after
{Heap after GC invocations=58 (full 0):
 garbage-first heap   total 69632K, used 8558K [0x0000000780000000, 0x0000000800000000)
  region size 1024K, 1 young (1024K), 1 survivors (1024K)
 Metaspace       used 20497K, capacity 21323K, committed 21504K, reserved 1069056K
  class space    used 2169K, capacity 2487K, committed 2560K, reserved 1048576K
}
Event: 26.284 GC heap before
{Heap before GC invocations=58 (full 0):
 garbage-first heap   total 69632K, used 56686K [0x0000000780000000, 0x0000000800000000)
  region size 1024K, 31 young (31744K), 1 survivors (1024K)
 Metaspace       used 20536K, capacity 21411K, committed 21760K, reserved 1069056K
  class space    used 2173K, capacity 2491K, committed 2560K, reserved 1048576K
}
Event: 26.286 GC heap after
{Heap after GC invocations=59 (full 0):
 garbage-first heap   total 69632K, used 10767K [0x0000000780000000, 0x0000000800000000)
  region size 1024K, 1 young (1024K), 1 survivors (1024K)
 Metaspace       used 20536K, capacity 21411K, committed 21760K, reserved 1069056K
  class space    used 2173K, capacity 2491K, committed 2560K, reserved 1048576K
}
Event: 26.378 GC heap before
{Heap before GC invocations=60 (full 0):
 garbage-first heap   total 69632K, used 39439K [0x0000000780000000, 0x0000000800000000)
  region size 1024K, 14 young (14336K), 1 survivors (1024K)
 Metaspace       used 20536K, capacity 21411K, committed 21760K, reserved 1069056K
  class space    used 2173K, capacity 2491K, committed 2560K, reserved 1048576K
}
Event: 26.379 GC heap after
{Heap after GC invocations=61 (full 0):
 garbage-first heap   total 69632K, used 11038K [0x0000000780000000, 0x0000000800000000)
  region size 1024K, 1 young (1024K), 1 survivors (1024K)
 Metaspace       used 20536K, capacity 21411K, committed 21760K, reserved 1069056K
  class space    used 2173K, capacity 2491K, committed 2560K, reserved 1048576K
}
Event: 26.419 GC heap before
{Heap before GC invocations=62 (full 0):
 garbage-first heap   total 69632K, used 35614K [0x0000000780000000, 0x0000000800000000)
  region size 1024K, 5 young (5120K), 1 survivors (1024K)
 Metaspace       used 20536K, capacity 21411K, committed 21760K, reserved 1069056K
  class space    used 2173K, capacity 2491K, committed 2560K, reserved 1048576K
}
Event: 26.421 GC heap after
{Heap after GC invocations=63 (full 0):
 garbage-first heap   total 69632K, used 12986K [0x0000000780000000, 0x0000000800000000)
  region size 1024K, 1 young (1024K), 1 survivors (1024K)
 Metaspace       used 20536K, capacity 21411K, committed 21760K, reserved 1069056K
  class space    used 2173K, capacity 2491K, committed 2560K, reserved 1048576K
}
Event: 26.603 GC heap before
{Heap before GC invocations=64 (full 0):
 garbage-first heap   total 69632K, used 47802K [0x0000000780000000, 0x0000000800000000)
  region size 1024K, 22 young (22528K), 1 survivors (1024K)
 Metaspace       used 20544K, capacity 21423K, committed 21760K, reserved 1069056K
  class space    used 2174K, capacity 2493K, committed 2560K, reserved 1048576K
}
Event: 26.605 GC heap after
{Heap after GC invocations=65 (full 0):
 garbage-first heap   total 69632K, used 11986K [0x0000000780000000, 0x0000000800000000)
  region size 1024K, 1 young (1024K), 1 survivors (1024K)
 Metaspace       used 20544K, capacity 21423K, committed 21760K, reserved 1069056K
  class space    used 2174K, capacity 2493K, committed 2560K, reserved 1048576K
}

