# JRE version: OpenJDK Runtime Environment (13.0.2+8) (build 13.0.2+8)
# Java VM: OpenJDK 64-Bit Server VM (13.0.2+8, mixed mode, sharing, tiered, compressed oops, g1 gc, bsd-amd64)
Heap:
 garbage-first heap   total 72704K, used 30351K [0x0000000780000000, 0x0000000800000000)
  region size 1024K, 8 young (8192K), 1 survivors (1024K)
 Metaspace       used 20838K, capacity 21914K, committed 22144K, reserved 1069056K
  class space    used 2207K, capacity 2580K, committed 2688K, reserved 1048576K
GC Heap History (20 events):
Event: 33.500 GC heap before
{Heap before GC invocations=69 (full 0):
 garbage-first heap   total 66560K, used 47736K [0x0000000780000000, 0x0000000800000000)
  region size 1024K, 39 young (39936K), 1 survivors (1024K)
 Metaspace       used 20789K, capacity 21853K, committed 22144K, reserved 1069056K
  class space    used 2201K, capacity 2570K, committed 2688K, reserved 1048576K
}
Event: 33.501 GC heap after
{Heap after GC invocations=70 (full 0):
 garbage-first heap   total 66560K, used 8848K [0x0000000780000000, 0x0000000800000000)
  region size 1024K, 1 young (1024K), 1 survivors (1024K)
 Metaspace       used 20789K, capacity 21853K, committed 22144K, reserved 1069056K
  class space    used 2201K, capacity 2570K, committed 2688K, reserved 1048576K
}
Event: 33.578 GC heap before
{Heap before GC invocations=70 (full 0):
 garbage-first heap   total 66560K, used 46736K [0x0000000780000000, 0x0000000800000000)
  region size 1024K, 39 young (39936K), 1 survivors (1024K)
 Metaspace       used 20797K, capacity 21865K, committed 22144K, reserved 1069056K
  class space    used 2202K, capacity 2572K, committed 2688K, reserved 1048576K
}
Event: 33.578 GC heap after
{Heap after GC invocations=71 (full 0):
 garbage-first heap   total 66560K, used 8855K [0x0000000780000000, 0x0000000800000000)
  region size 1024K, 1 young (1024K), 1 survivors (1024K)
 Metaspace       used 20797K, capacity 21865K, committed 22144K, reserved 1069056K
  class space    used 2202K, capacity 2572K, committed 2688K, reserved 1048576K
}
Event: 33.658 GC heap before
{Heap before GC invocations=71 (full 0):
 garbage-first heap   total 66560K, used 46743K [0x0000000780000000, 0x0000000800000000)
  region size 1024K, 39 young (39936K), 1 survivors (1024K)
 Metaspace       used 20802K, capacity 21871K, committed 22144K, reserved 1069056K
  class space    used 2203K, capacity 2573K, committed 2688K, reserved 1048576K
}
Event: 33.659 GC heap after
{Heap after GC invocations=72 (full 0):
 garbage-first heap   total 66560K, used 8867K [0x0000000780000000, 0x0000000800000000)
  region size 1024K, 1 young (1024K), 1 survivors (1024K)
 Metaspace       used 20802K, capacity 21871K, committed 22144K, reserved 1069056K
  class space    used 2203K, capacity 2573K, committed 2688K, reserved 1048576K
}
Event: 33.737 GC heap before
{Heap before GC invocations=72 (full 0):
 garbage-first heap   total 66560K, used 47779K [0x0000000780000000, 0x0000000800000000)
  region size 1024K, 39 young (39936K), 1 survivors (1024K)
 Metaspace       used 20814K, capacity 21889K, committed 22144K, reserved 1069056K
  class space    used 2205K, capacity 2576K, committed 2688K, reserved 1048576K
}
Event: 33.737 GC heap after
{Heap after GC invocations=73 (full 0):
 garbage-first heap   total 66560K, used 8873K [0x0000000780000000, 0x0000000800000000)
  region size 1024K, 1 young (1024K), 1 survivors (1024K)
 Metaspace       used 20814K, capacity 21889K, committed 22144K, reserved 1069056K
  class space    used 2205K, capacity 2576K, committed 2688K, reserved 1048576K
}
Event: 33.988 GC heap before
{Heap before GC invocations=73 (full 0):
 garbage-first heap   total 66560K, used 47785K [0x0000000780000000, 0x0000000800000000)
  region size 1024K, 39 young (39936K), 1 survivors (1024K)
 Metaspace       used 20818K, capacity 21895K, committed 22144K, reserved 1069056K
  class space    used 2205K, capacity 2577K, committed 2688K, reserved 1048576K
}
Event: 33.988 GC heap after
{Heap after GC invocations=74 (full 0):
 garbage-first heap   total 66560K, used 8824K [0x0000000780000000, 0x0000000800000000)
  region size 1024K, 1 young (1024K), 1 survivors (1024K)
 Metaspace       used 20818K, capacity 21895K, committed 22144K, reserved 1069056K
  class space    used 2205K, capacity 2577K, committed 2688K, reserved 1048576K
}
Event: 34.100 GC heap before
{Heap before GC invocations=74 (full 0):
 garbage-first heap   total 66560K, used 47736K [0x0000000780000000, 0x0000000800000000)
  region size 1024K, 39 young (39936K), 1 survivors (1024K)
 Metaspace       used 20822K, capacity 21901K, committed 22144K, reserved 1069056K
  class space    used 2206K, capacity 2578K, committed 2688K, reserved 1048576K
}
Event: 34.101 GC heap after
{Heap after GC invocations=75 (full 0):
 garbage-first heap   total 66560K, used 8828K [0x0000000780000000, 0x0000000800000000)
  region size 1024K, 1 young (1024K), 1 survivors (1024K)
 Metaspace       used 20822K, capacity 21901K, committed 22144K, reserved 1069056K
  class space    used 2206K, capacity 2578K, committed 2688K, reserved 1048576K
}
Event: 34.231 GC heap before
{Heap before GC invocations=75 (full 0):
 garbage-first heap   total 66560K, used 60028K [0x0000000780000000, 0x0000000800000000)
  region size 1024K, 35 young (35840K), 1 survivors (1024K)
 Metaspace       used 20825K, capacity 21902K, committed 22144K, reserved 1069056K
  class space    used 2206K, capacity 2578K, committed 2688K, reserved 1048576K
}
Event: 34.232 GC heap after
{Heap after GC invocations=76 (full 0):
 garbage-first heap   total 66560K, used 10914K [0x0000000780000000, 0x0000000800000000)
  region size 1024K, 1 young (1024K), 1 survivors (1024K)
 Metaspace       used 20825K, capacity 21902K, committed 22144K, reserved 1069056K
  class space    used 2206K, capacity 2578K, committed 2688K, reserved 1048576K
}
Event: 34.528 GC heap before
{Heap before GC invocations=77 (full 0):
 garbage-first heap   total 66560K, used 61090K [0x0000000780000000, 0x0000000800000000)
  region size 1024K, 35 young (35840K), 1 survivors (1024K)
 Metaspace       used 20833K, capacity 21908K, committed 22144K, reserved 1069056K
  class space    used 2206K, capacity 2579K, committed 2688K, reserved 1048576K
}
Event: 34.528 GC heap after
{Heap after GC invocations=78 (full 0):
 garbage-first heap   total 67584K, used 8832K [0x0000000780000000, 0x0000000800000000)
  region size 1024K, 1 young (1024K), 1 survivors (1024K)
 Metaspace       used 20833K, capacity 21908K, committed 22144K, reserved 1069056K
  class space    used 2206K, capacity 2579K, committed 2688K, reserved 1048576K
}
Event: 34.650 GC heap before
{Heap before GC invocations=78 (full 0):
 garbage-first heap   total 67584K, used 47744K [0x0000000780000000, 0x0000000800000000)
  region size 1024K, 39 young (39936K), 1 survivors (1024K)
 Metaspace       used 20838K, capacity 21914K, committed 22144K, reserved 1069056K
  class space    used 2207K, capacity 2580K, committed 2688K, reserved 1048576K
}
Event: 34.651 GC heap after
{Heap after GC invocations=79 (full 0):
 garbage-first heap   total 67584K, used 8857K [0x0000000780000000, 0x0000000800000000)
  region size 1024K, 1 young (1024K), 1 survivors (1024K)
 Metaspace       used 20838K, capacity 21914K, committed 22144K, reserved 1069056K
  class space    used 2207K, capacity 2580K, committed 2688K, reserved 1048576K
}
Event: 34.804 GC heap before
{Heap before GC invocations=79 (full 0):
 garbage-first heap   total 71680K, used 65177K [0x0000000780000000, 0x0000000800000000)
  region size 1024K, 39 young (39936K), 1 survivors (1024K)
 Metaspace       used 20838K, capacity 21914K, committed 22144K, reserved 1069056K
  class space    used 2207K, capacity 2580K, committed 2688K, reserved 1048576K
}
Event: 34.806 GC heap after
{Heap after GC invocations=80 (full 0):
 garbage-first heap   total 72704K, used 10895K [0x0000000780000000, 0x0000000800000000)
  region size 1024K, 1 young (1024K), 1 survivors (1024K)
 Metaspace       used 20838K, capacity 21914K, committed 22144K, reserved 1069056K
  class space    used 2207K, capacity 2580K, committed 2688K, reserved 1048576K
}

